<?xml version="1.0" encoding="UTF-8"?>
<!-- Generated by org.testng.reporters.JUnitReportReporter -->
<testsuite hostname="DESKTOP-2QSOUDM" failures="0" tests="2" name="automation.testsuite.Login" time="7.820" errors="0" timestamp="2024-10-27T22:39:54 ICT" skipped="0">
  <testcase classname="automation.testsuite.Login" name="NhanVien" time="7.810"/>
  <system-out/>
  <testcase classname="automation.testsuite.Login" name="testcase1" time="0.010"/>
  <system-out/>
</testsuite> <!-- automation.testsuite.Login -->
